mobile-app/android/app/build/intermediates/manifest_merge_blame_file/debug/manifest-merger-blame-debug-report.txt
1<?xml version="1.0" encoding="utf-8"?>
2<manifest xmlns:android="http://schemas.android.com/apk/res/android"
3    package="com.qmaster.myapp"
4    android:versionCode="1"
5    android:versionName="1.0.0" >
6
7    <uses-sdk
8        android:minSdkVersion="21"
9        android:targetSdkVersion="33" />
10
11    <uses-permission android:name="android.permission.SYSTEM_ALERT_WINDOW" />
11-->src\main\AndroidManifest.xml:4:3-75
11-->src\main\AndroidManifest.xml:4:20-73
12    <uses-permission android:name="android.permission.INTERNET" />
12-->src\main\AndroidManifest.xml:2:3-64
12-->src\main\AndroidManifest.xml:2:20-62
13    <uses-permission android:name="android.permission.READ_EXTERNAL_STORAGE" />
13-->src\main\AndroidManifest.xml:3:3-77
13-->src\main\AndroidManifest.xml:3:20-75
14    <uses-permission android:name="android.permission.VIBRATE" />
14-->src\main\AndroidManifest.xml:5:3-63
14-->src\main\AndroidManifest.xml:5:20-61
15    <uses-permission android:name="android.permission.WRITE_EXTERNAL_STORAGE" />
15-->src\main\AndroidManifest.xml:6:3-78
15-->src\main\AndroidManifest.xml:6:20-76
16
17    <queries>
17-->src\main\AndroidManifest.xml:7:3-13:13
18        <intent>
18-->src\main\AndroidManifest.xml:8:5-12:14
19            <action android:name="android.intent.action.VIEW" />
19-->src\main\AndroidManifest.xml:9:7-58
19-->src\main\AndroidManifest.xml:9:15-56
20
21            <category android:name="android.intent.category.BROWSABLE" />
21-->src\main\AndroidManifest.xml:10:7-67
21-->src\main\AndroidManifest.xml:10:17-65
22
23            <data android:scheme="https" />
23-->src\main\AndroidManifest.xml:11:7-37
23-->src\main\AndroidManifest.xml:11:13-35
24        </intent>
25        <!-- Query open documents -->
26        <intent>
26-->[:expo-file-system] AndroidManifest.xml:15:9-17:18
27            <action android:name="android.intent.action.OPEN_DOCUMENT_TREE" />
27-->[:expo-file-system] AndroidManifest.xml:16:13-79
27-->[:expo-file-system] AndroidManifest.xml:16:21-76
28        </intent>
29        <intent>
29-->[:expo-web-browser] AndroidManifest.xml:8:9-12:18
30
31            <!-- Required for opening tabs if targeting API 30 -->
32            <action android:name="android.support.customtabs.action.CustomTabsService" />
32-->[:expo-web-browser] AndroidManifest.xml:11:13-90
32-->[:expo-web-browser] AndroidManifest.xml:11:21-87
33        </intent>
34    </queries>
35
36    <uses-permission android:name="android.permission.ACCESS_WIFI_STATE" />
36-->[com.facebook.flipper:flipper:0.182.0] AndroidManifest.xml:16:5-76
36-->[com.facebook.flipper:flipper:0.182.0] AndroidManifest.xml:16:22-73
37    <uses-permission android:name="android.permission.ACCESS_NETWORK_STATE" />
37-->[com.google.firebase:firebase-auth:22.3.0] AndroidManifest.xml:26:5-79
37-->[com.google.firebase:firebase-auth:22.3.0] AndroidManifest.xml:26:22-76
38    <uses-permission android:name="com.google.android.finsky.permission.BIND_GET_INSTALL_REFERRER_SERVICE" />
38-->[com.android.installreferrer:installreferrer:1.0] AndroidManifest.xml:9:5-110
38-->[com.android.installreferrer:installreferrer:1.0] AndroidManifest.xml:9:22-107
39
40    <application
40-->src\main\AndroidManifest.xml:14:3-33:17
41        android:name="com.qmaster.myapp.MainApplication"
41-->src\main\AndroidManifest.xml:14:16-47
42        android:allowBackup="true"
42-->src\main\AndroidManifest.xml:14:162-188
43        android:appComponentFactory="androidx.core.app.CoreComponentFactory"
43-->[androidx.core:core:1.8.0] AndroidManifest.xml:24:18-86
44        android:debuggable="true"
45        android:icon="@mipmap/ic_launcher"
45-->src\main\AndroidManifest.xml:14:81-115
46        android:label="@string/app_name"
46-->src\main\AndroidManifest.xml:14:48-80
47        android:roundIcon="@mipmap/ic_launcher_round"
47-->src\main\AndroidManifest.xml:14:116-161
48        android:theme="@style/AppTheme"
48-->src\main\AndroidManifest.xml:14:189-220
49        android:usesCleartextTraffic="true" >
49-->src\debug\AndroidManifest.xml:6:18-53
50        <meta-data
50-->src\main\AndroidManifest.xml:15:5-83
51            android:name="expo.modules.updates.ENABLED"
51-->src\main\AndroidManifest.xml:15:16-59
52            android:value="false" />
52-->src\main\AndroidManifest.xml:15:60-81
53        <meta-data
53-->src\main\AndroidManifest.xml:16:5-93
54            android:name="expo.modules.updates.EXPO_SDK_VERSION"
54-->src\main\AndroidManifest.xml:16:16-68
55            android:value="49.0.0" />
55-->src\main\AndroidManifest.xml:16:69-91
56        <meta-data
56-->src\main\AndroidManifest.xml:17:5-105
57            android:name="expo.modules.updates.EXPO_UPDATES_CHECK_ON_LAUNCH"
57-->src\main\AndroidManifest.xml:17:16-80
58            android:value="ALWAYS" />
58-->src\main\AndroidManifest.xml:17:81-103
59        <meta-data
59-->src\main\AndroidManifest.xml:18:5-99
60            android:name="expo.modules.updates.EXPO_UPDATES_LAUNCH_WAIT_MS"
60-->src\main\AndroidManifest.xml:18:16-79
61            android:value="0" />
61-->src\main\AndroidManifest.xml:18:80-97
62
63        <activity
63-->src\main\AndroidManifest.xml:19:5-31:16
64            android:name="com.qmaster.myapp.MainActivity"
64-->src\main\AndroidManifest.xml:19:15-43
65            android:configChanges="keyboard|keyboardHidden|orientation|screenSize|uiMode"
65-->src\main\AndroidManifest.xml:19:77-154
66            android:exported="true"
66-->src\main\AndroidManifest.xml:19:276-299
67            android:label="@string/app_name"
67-->src\main\AndroidManifest.xml:19:44-76
68            android:launchMode="singleTask"
68-->src\main\AndroidManifest.xml:19:155-186
69            android:screenOrientation="portrait"
69-->src\main\AndroidManifest.xml:19:300-336
70            android:theme="@style/Theme.App.SplashScreen"
70-->src\main\AndroidManifest.xml:19:230-275
71            android:windowSoftInputMode="adjustResize" >
71-->src\main\AndroidManifest.xml:19:187-229
72            <intent-filter>
72-->src\main\AndroidManifest.xml:20:7-23:23
73                <action android:name="android.intent.action.MAIN" />
73-->src\main\AndroidManifest.xml:21:9-60
73-->src\main\AndroidManifest.xml:21:17-58
74
75                <category android:name="android.intent.category.LAUNCHER" />
75-->src\main\AndroidManifest.xml:22:9-68
75-->src\main\AndroidManifest.xml:22:19-66
76            </intent-filter>
77            <intent-filter>
77-->src\main\AndroidManifest.xml:24:7-30:23
78                <action android:name="android.intent.action.VIEW" />
78-->src\main\AndroidManifest.xml:9:7-58
78-->src\main\AndroidManifest.xml:9:15-56
79
80                <category android:name="android.intent.category.DEFAULT" />
80-->src\main\AndroidManifest.xml:26:9-67
80-->src\main\AndroidManifest.xml:26:19-65
81                <category android:name="android.intent.category.BROWSABLE" />
81-->src\main\AndroidManifest.xml:10:7-67
81-->src\main\AndroidManifest.xml:10:17-65
82
83                <data android:scheme="myapp" />
83-->src\main\AndroidManifest.xml:11:7-37
83-->src\main\AndroidManifest.xml:11:13-35
84                <data android:scheme="com.qmaster.myapp" />
84-->src\main\AndroidManifest.xml:11:7-37
84-->src\main\AndroidManifest.xml:11:13-35
85            </intent-filter>
86        </activity>
87        <activity
87-->src\main\AndroidManifest.xml:32:5-106
88            android:name="com.facebook.react.devsupport.DevSettingsActivity"
88-->src\main\AndroidManifest.xml:32:15-79
89            android:exported="false" />
89-->src\main\AndroidManifest.xml:32:80-104
90        <activity
90-->[com.google.firebase:firebase-auth:22.3.0] AndroidManifest.xml:29:9-46:20
91            android:name="com.google.firebase.auth.internal.GenericIdpActivity"
91-->[com.google.firebase:firebase-auth:22.3.0] AndroidManifest.xml:30:13-80
92            android:excludeFromRecents="true"
92-->[com.google.firebase:firebase-auth:22.3.0] AndroidManifest.xml:31:13-46
93            android:exported="true"
93-->[com.google.firebase:firebase-auth:22.3.0] AndroidManifest.xml:32:13-36
94            android:launchMode="singleTask"
94-->[com.google.firebase:firebase-auth:22.3.0] AndroidManifest.xml:33:13-44
95            android:theme="@android:style/Theme.Translucent.NoTitleBar" >
95-->[com.google.firebase:firebase-auth:22.3.0] AndroidManifest.xml:34:13-72
96            <intent-filter>
96-->[com.google.firebase:firebase-auth:22.3.0] AndroidManifest.xml:35:13-45:29
97                <action android:name="android.intent.action.VIEW" />
97-->src\main\AndroidManifest.xml:9:7-58
97-->src\main\AndroidManifest.xml:9:15-56
98
99                <category android:name="android.intent.category.DEFAULT" />
99-->src\main\AndroidManifest.xml:26:9-67
99-->src\main\AndroidManifest.xml:26:19-65
100                <category android:name="android.intent.category.BROWSABLE" />
100-->src\main\AndroidManifest.xml:10:7-67
100-->src\main\AndroidManifest.xml:10:17-65
101
102                <data
102-->src\main\AndroidManifest.xml:11:7-37
103                    android:host="firebase.auth"
104                    android:path="/"
105                    android:scheme="genericidp" />
105-->src\main\AndroidManifest.xml:11:13-35
106            </intent-filter>
107        </activity>
108        <activity
108-->[com.google.firebase:firebase-auth:22.3.0] AndroidManifest.xml:47:9-64:20
109            android:name="com.google.firebase.auth.internal.RecaptchaActivity"
109-->[com.google.firebase:firebase-auth:22.3.0] AndroidManifest.xml:48:13-79
110            android:excludeFromRecents="true"
110-->[com.google.firebase:firebase-auth:22.3.0] AndroidManifest.xml:49:13-46
111            android:exported="true"
111-->[com.google.firebase:firebase-auth:22.3.0] AndroidManifest.xml:50:13-36
112            android:launchMode="singleTask"
112-->[com.google.firebase:firebase-auth:22.3.0] AndroidManifest.xml:51:13-44
113            android:theme="@android:style/Theme.Translucent.NoTitleBar" >
113-->[com.google.firebase:firebase-auth:22.3.0] AndroidManifest.xml:52:13-72
114            <intent-filter>
114-->[com.google.firebase:firebase-auth:22.3.0] AndroidManifest.xml:53:13-63:29
115                <action android:name="android.intent.action.VIEW" />
115-->src\main\AndroidManifest.xml:9:7-58
115-->src\main\AndroidManifest.xml:9:15-56
116
117                <category android:name="android.intent.category.DEFAULT" />
117-->src\main\AndroidManifest.xml:26:9-67
117-->src\main\AndroidManifest.xml:26:19-65
118                <category android:name="android.intent.category.BROWSABLE" />
118-->src\main\AndroidManifest.xml:10:7-67
118-->src\main\AndroidManifest.xml:10:17-65
119
120                <data
120-->src\main\AndroidManifest.xml:11:7-37
121                    android:host="firebase.auth"
122                    android:path="/"
123                    android:scheme="recaptcha" />
123-->src\main\AndroidManifest.xml:11:13-35
124            </intent-filter>
125        </activity>
126
127        <service
127-->[com.google.firebase:firebase-auth:22.3.0] AndroidManifest.xml:66:9-72:19
128            android:name="com.google.firebase.components.ComponentDiscoveryService"
128-->[com.google.firebase:firebase-auth:22.3.0] AndroidManifest.xml:67:13-84
129            android:directBootAware="true"
129-->[com.google.firebase:firebase-common:20.4.2] AndroidManifest.xml:32:13-43
130            android:exported="false" >
130-->[com.google.firebase:firebase-auth:22.3.0] AndroidManifest.xml:68:13-37
131            <meta-data
131-->[com.google.firebase:firebase-auth:22.3.0] AndroidManifest.xml:69:13-71:85
132                android:name="com.google.firebase.components:com.google.firebase.auth.FirebaseAuthRegistrar"
132-->[com.google.firebase:firebase-auth:22.3.0] AndroidManifest.xml:70:17-109
133                android:value="com.google.firebase.components.ComponentRegistrar" />
133-->[com.google.firebase:firebase-auth:22.3.0] AndroidManifest.xml:71:17-82
134            <meta-data
134-->[com.google.firebase:firebase-common-ktx:20.4.2] AndroidManifest.xml:12:13-14:85
135                android:name="com.google.firebase.components:com.google.firebase.ktx.FirebaseCommonLegacyRegistrar"
135-->[com.google.firebase:firebase-common-ktx:20.4.2] AndroidManifest.xml:13:17-116
136                android:value="com.google.firebase.components.ComponentRegistrar" />
136-->[com.google.firebase:firebase-common-ktx:20.4.2] AndroidManifest.xml:14:17-82
137            <meta-data
137-->[com.google.firebase:firebase-common:20.4.2] AndroidManifest.xml:35:13-37:85
138                android:name="com.google.firebase.components:com.google.firebase.FirebaseCommonKtxRegistrar"
138-->[com.google.firebase:firebase-common:20.4.2] AndroidManifest.xml:36:17-109
139                android:value="com.google.firebase.components.ComponentRegistrar" />
139-->[com.google.firebase:firebase-common:20.4.2] AndroidManifest.xml:37:17-82
140        </service>
141
142        <activity
142-->[com.google.android.gms:play-services-auth:20.5.0] AndroidManifest.xml:23:9-27:75
143            android:name="com.google.android.gms.auth.api.signin.internal.SignInHubActivity"
143-->[com.google.android.gms:play-services-auth:20.5.0] AndroidManifest.xml:24:13-93
144            android:excludeFromRecents="true"
144-->[com.google.android.gms:play-services-auth:20.5.0] AndroidManifest.xml:25:13-46
145            android:exported="false"
145-->[com.google.android.gms:play-services-auth:20.5.0] AndroidManifest.xml:26:13-37
146            android:theme="@android:style/Theme.Translucent.NoTitleBar" />
146-->[com.google.android.gms:play-services-auth:20.5.0] AndroidManifest.xml:27:13-72
147        <!--
148            Service handling Google Sign-In user revocation. For apps that do not integrate with
149            Google Sign-In, this service will never be started.
150        -->
151        <service
151-->[com.google.android.gms:play-services-auth:20.5.0] AndroidManifest.xml:33:9-37:51
152            android:name="com.google.android.gms.auth.api.signin.RevocationBoundService"
152-->[com.google.android.gms:play-services-auth:20.5.0] AndroidManifest.xml:34:13-89
153            android:exported="true"
153-->[com.google.android.gms:play-services-auth:20.5.0] AndroidManifest.xml:35:13-36
154            android:permission="com.google.android.gms.auth.api.signin.permission.REVOCATION_NOTIFICATION"
154-->[com.google.android.gms:play-services-auth:20.5.0] AndroidManifest.xml:36:13-107
155            android:visibleToInstantApps="true" />
155-->[com.google.android.gms:play-services-auth:20.5.0] AndroidManifest.xml:37:13-48
156
157        <provider
157-->[:react-native-webview] AndroidManifest.xml:8:9-16:20
158            android:name="com.reactnativecommunity.webview.RNCWebViewFileProvider"
158-->[:react-native-webview] AndroidManifest.xml:9:13-83
159            android:authorities="com.qmaster.myapp.fileprovider"
159-->[:react-native-webview] AndroidManifest.xml:10:13-64
160            android:exported="false"
160-->[:react-native-webview] AndroidManifest.xml:11:13-37
161            android:grantUriPermissions="true" >
161-->[:react-native-webview] AndroidManifest.xml:12:13-47
162            <meta-data
162-->[:react-native-webview] AndroidManifest.xml:13:13-15:63
163                android:name="android.support.FILE_PROVIDER_PATHS"
163-->[:react-native-webview] AndroidManifest.xml:14:17-67
164                android:resource="@xml/file_provider_paths" />
164-->[:react-native-webview] AndroidManifest.xml:15:17-60
165        </provider>
166        <provider
166-->[:expo-file-system] AndroidManifest.xml:21:9-30:20
167            android:name="expo.modules.filesystem.FileSystemFileProvider"
167-->[:expo-file-system] AndroidManifest.xml:22:13-74
168            android:authorities="com.qmaster.myapp.FileSystemFileProvider"
168-->[:expo-file-system] AndroidManifest.xml:23:13-74
169            android:exported="false"
169-->[:expo-file-system] AndroidManifest.xml:24:13-37
170            android:grantUriPermissions="true" >
170-->[:expo-file-system] AndroidManifest.xml:25:13-47
171            <meta-data
171-->[:react-native-webview] AndroidManifest.xml:13:13-15:63
172                android:name="android.support.FILE_PROVIDER_PATHS"
172-->[:react-native-webview] AndroidManifest.xml:14:17-67
173                android:resource="@xml/file_system_provider_paths" />
173-->[:react-native-webview] AndroidManifest.xml:15:17-60
174        </provider>
175
176        <meta-data
176-->[:expo-modules-core] AndroidManifest.xml:9:9-11:89
177            android:name="org.unimodules.core.AppLoader#react-native-headless"
177-->[:expo-modules-core] AndroidManifest.xml:10:13-79
178            android:value="expo.modules.adapters.react.apploader.RNHeadlessAppLoader" />
178-->[:expo-modules-core] AndroidManifest.xml:11:13-86
179        <meta-data
179-->[:expo-modules-core] AndroidManifest.xml:12:9-15:45
180            android:name="com.facebook.soloader.enabled"
180-->[:expo-modules-core] AndroidManifest.xml:13:13-57
181            android:value="true" />
181-->[:expo-modules-core] AndroidManifest.xml:14:13-33
182
183        <provider
183-->[com.google.firebase:firebase-common:20.4.2] AndroidManifest.xml:23:9-28:39
184            android:name="com.google.firebase.provider.FirebaseInitProvider"
184-->[com.google.firebase:firebase-common:20.4.2] AndroidManifest.xml:24:13-77
185            android:authorities="com.qmaster.myapp.firebaseinitprovider"
185-->[com.google.firebase:firebase-common:20.4.2] AndroidManifest.xml:25:13-72
186            android:directBootAware="true"
186-->[com.google.firebase:firebase-common:20.4.2] AndroidManifest.xml:26:13-43
187            android:exported="false"
187-->[com.google.firebase:firebase-common:20.4.2] AndroidManifest.xml:27:13-37
188            android:initOrder="100" />
188-->[com.google.firebase:firebase-common:20.4.2] AndroidManifest.xml:28:13-36
189
190        <activity
190-->[com.google.android.gms:play-services-base:18.0.1] AndroidManifest.xml:20:9-22:45
191            android:name="com.google.android.gms.common.api.GoogleApiActivity"
191-->[com.google.android.gms:play-services-base:18.0.1] AndroidManifest.xml:20:19-85
192            android:exported="false"
192-->[com.google.android.gms:play-services-base:18.0.1] AndroidManifest.xml:22:19-43
193            android:theme="@android:style/Theme.Translucent.NoTitleBar" />
193-->[com.google.android.gms:play-services-base:18.0.1] AndroidManifest.xml:21:19-78
194
195        <meta-data
195-->[com.google.android.gms:play-services-basement:18.2.0] AndroidManifest.xml:21:9-23:69
196            android:name="com.google.android.gms.version"
196-->[com.google.android.gms:play-services-basement:18.2.0] AndroidManifest.xml:22:13-58
197            android:value="@integer/google_play_services_version" />
197-->[com.google.android.gms:play-services-basement:18.2.0] AndroidManifest.xml:23:13-66
198
199        <provider
199-->[androidx.emoji2:emoji2:1.0.0] AndroidManifest.xml:26:9-34:20
200            android:name="androidx.startup.InitializationProvider"
200-->[androidx.emoji2:emoji2:1.0.0] AndroidManifest.xml:27:13-67
201            android:authorities="com.qmaster.myapp.androidx-startup"
201-->[androidx.emoji2:emoji2:1.0.0] AndroidManifest.xml:28:13-68
202            android:exported="false" >
202-->[androidx.emoji2:emoji2:1.0.0] AndroidManifest.xml:29:13-37
203            <meta-data
203-->[androidx.emoji2:emoji2:1.0.0] AndroidManifest.xml:31:13-33:52
204                android:name="androidx.emoji2.text.EmojiCompatInitializer"
204-->[androidx.emoji2:emoji2:1.0.0] AndroidManifest.xml:32:17-75
205                android:value="androidx.startup" />
205-->[androidx.emoji2:emoji2:1.0.0] AndroidManifest.xml:33:17-49
206            <meta-data
206-->[androidx.lifecycle:lifecycle-process:2.6.1] AndroidManifest.xml:29:13-31:52
207                android:name="androidx.lifecycle.ProcessLifecycleInitializer"
207-->[androidx.lifecycle:lifecycle-process:2.6.1] AndroidManifest.xml:30:17-78
208                android:value="androidx.startup" />
208-->[androidx.lifecycle:lifecycle-process:2.6.1] AndroidManifest.xml:31:17-49
209            <meta-data
209-->[androidx.profileinstaller:profileinstaller:1.3.0] AndroidManifest.xml:29:13-31:52
210                android:name="androidx.profileinstaller.ProfileInstallerInitializer"
210-->[androidx.profileinstaller:profileinstaller:1.3.0] AndroidManifest.xml:30:17-85
211                android:value="androidx.startup" />
211-->[androidx.profileinstaller:profileinstaller:1.3.0] AndroidManifest.xml:31:17-49
212        </provider>
213
214        <receiver
214-->[androidx.profileinstaller:profileinstaller:1.3.0] AndroidManifest.xml:34:9-52:20
215            android:name="androidx.profileinstaller.ProfileInstallReceiver"
215-->[androidx.profileinstaller:profileinstaller:1.3.0] AndroidManifest.xml:35:13-76
216            android:directBootAware="false"
216-->[androidx.profileinstaller:profileinstaller:1.3.0] AndroidManifest.xml:36:13-44
217            android:enabled="true"
217-->[androidx.profileinstaller:profileinstaller:1.3.0] AndroidManifest.xml:37:13-35
218            android:exported="true"
218-->[androidx.profileinstaller:profileinstaller:1.3.0] AndroidManifest.xml:38:13-36
219            android:permission="android.permission.DUMP" >
219-->[androidx.profileinstaller:profileinstaller:1.3.0] AndroidManifest.xml:39:13-57
220            <intent-filter>
220-->[androidx.profileinstaller:profileinstaller:1.3.0] AndroidManifest.xml:40:13-42:29
221                <action android:name="androidx.profileinstaller.action.INSTALL_PROFILE" />
221-->[androidx.profileinstaller:profileinstaller:1.3.0] AndroidManifest.xml:41:17-91
221-->[androidx.profileinstaller:profileinstaller:1.3.0] AndroidManifest.xml:41:25-88
222            </intent-filter>
223            <intent-filter>
223-->[androidx.profileinstaller:profileinstaller:1.3.0] AndroidManifest.xml:43:13-45:29
224                <action android:name="androidx.profileinstaller.action.SKIP_FILE" />
224-->[androidx.profileinstaller:profileinstaller:1.3.0] AndroidManifest.xml:44:17-85
224-->[androidx.profileinstaller:profileinstaller:1.3.0] AndroidManifest.xml:44:25-82
225            </intent-filter>
226            <intent-filter>
226-->[androidx.profileinstaller:profileinstaller:1.3.0] AndroidManifest.xml:46:13-48:29
227                <action android:name="androidx.profileinstaller.action.SAVE_PROFILE" />
227-->[androidx.profileinstaller:profileinstaller:1.3.0] AndroidManifest.xml:47:17-88
227-->[androidx.profileinstaller:profileinstaller:1.3.0] AndroidManifest.xml:47:25-85
228            </intent-filter>
229            <intent-filter>
229-->[androidx.profileinstaller:profileinstaller:1.3.0] AndroidManifest.xml:49:13-51:29
230                <action android:name="androidx.profileinstaller.action.BENCHMARK_OPERATION" />
230-->[androidx.profileinstaller:profileinstaller:1.3.0] AndroidManifest.xml:50:17-95
230-->[androidx.profileinstaller:profileinstaller:1.3.0] AndroidManifest.xml:50:25-92
231            </intent-filter>
232        </receiver>
233    </application>
234
235</manifest>